=== BASELINE TCP CONFIGURATION AND DEBUGGING ===
Experiment: experiment-baseline-tcp
Timestamp: 1773483622

Resolved run settings:
  simTime: 10s
  bottleneckBw: 2Mbps
  bottleneckDelay: 50ms
  accessBw: 10Mbps
  accessDelay: 5ms
  outputDir: paper/experiment/results/baseline
  enablePcap: false

🔧 Command line arguments used:
   argv[1]: --outputDir=paper/experiment/results/baseline

📊 TCP Configuration (same as CATS baseline):
   Congestion Control: BBR (same as CATS)
   Recovery Algorithm: PRR (same as CATS)
   RTT Estimator: RttMeanDeviation (same as CATS)
   Priority Awareness: NONE (standard TCP FIFO)

=== SIMULATION LOG ===
Baseline TCP Socket Configuration started at 1s:
  Congestion Control: BBR configured at 1s
  Recovery Algorithm: PRR configured at 1s
  RTT Estimator: RttMeanDeviation configured at 1s

